<?xml version="1.0" encoding="UTF-8"?>
<testsuite name="org.apache.flink.statefun.examples.async.RunnerTest" tests="1" skipped="1" failures="0" errors="0" timestamp="2021-01-09T06:43:19" hostname="Tzu-Lis-MacBook-Pro.local" time="0.0">
  <properties/>
  <testcase name="run" classname="org.apache.flink.statefun.examples.async.RunnerTest" time="0.0">
    <skipped/>
  </testcase>
  <system-out><![CDATA[]]></system-out>
  <system-err><![CDATA[]]></system-err>
</testsuite>
